2025-06-19 21:26:54,466 - INFO - yaml file: config/config.yaml loaded successfully
2025-06-19 21:26:54,471 - INFO - yaml file: params.yaml loaded successfully
2025-06-19 21:26:54,472 - INFO - created directory at: artifacts
2025-06-19 21:26:54,473 - INFO - created directory at: artifacts/model_trainer
2025-06-19 21:29:02,557 - INFO - yaml file: config/config.yaml loaded successfully
2025-06-19 21:29:02,561 - INFO - yaml file: params.yaml loaded successfully
2025-06-19 21:29:02,562 - INFO - created directory at: artifacts
2025-06-19 21:29:02,562 - INFO - created directory at: artifacts/model_trainer
2025-06-19 21:29:41,847 - INFO - yaml file: config/config.yaml loaded successfully
2025-06-19 21:29:41,849 - INFO - yaml file: params.yaml loaded successfully
2025-06-19 21:29:41,850 - INFO - created directory at: artifacts
2025-06-19 21:29:41,850 - INFO - created directory at: artifacts/model_trainer
2025-06-19 21:32:28,735 - INFO - yaml file: config/config.yaml loaded successfully
2025-06-19 21:32:28,737 - INFO - yaml file: params.yaml loaded successfully
2025-06-19 21:32:28,738 - INFO - created directory at: artifacts
2025-06-19 21:32:28,739 - INFO - created directory at: artifacts/model_trainer
2025-06-19 21:32:45,556 - INFO - yaml file: config/config.yaml loaded successfully
2025-06-19 21:32:45,557 - INFO - yaml file: params.yaml loaded successfully
2025-06-19 21:32:45,558 - INFO - created directory at: artifacts
2025-06-19 21:32:45,558 - INFO - created directory at: artifacts/model_trainer
2025-06-19 21:36:11,470 - INFO - yaml file: config/config.yaml loaded successfully
2025-06-19 21:36:11,471 - INFO - yaml file: params.yaml loaded successfully
2025-06-19 21:36:11,472 - INFO - created directory at: artifacts
2025-06-19 21:36:11,472 - INFO - created directory at: artifacts/model_trainer
2025-06-19 21:42:26,899 - INFO - yaml file: config/config.yaml loaded successfully
2025-06-19 21:42:26,902 - INFO - yaml file: params.yaml loaded successfully
2025-06-19 21:42:26,902 - INFO - created directory at: artifacts
2025-06-19 21:42:26,903 - INFO - created directory at: artifacts/model_trainer
2025-06-20 20:11:27,167 - INFO - yaml file: config/config.yaml loaded successfully
2025-06-20 20:11:27,169 - INFO - yaml file: params.yaml loaded successfully
2025-06-20 20:11:27,169 - INFO - created directory at: artifacts
2025-06-20 20:11:27,170 - INFO - created directory at: artifacts/model_trainer
2025-06-20 20:12:03,668 - INFO - yaml file: config/config.yaml loaded successfully
2025-06-20 20:12:03,671 - INFO - yaml file: params.yaml loaded successfully
2025-06-20 20:12:03,671 - INFO - created directory at: artifacts
2025-06-20 20:12:03,672 - INFO - created directory at: artifacts/model_trainer
2025-06-20 20:12:24,699 - INFO - yaml file: config/config.yaml loaded successfully
2025-06-20 20:12:24,702 - INFO - yaml file: params.yaml loaded successfully
2025-06-20 20:12:24,702 - INFO - created directory at: artifacts
2025-06-20 20:12:24,703 - INFO - created directory at: artifacts/model_trainer
2025-06-20 20:13:17,885 - INFO - PyTorch version 2.7.1 available.
2025-06-20 20:13:18,123 - INFO - yaml file: config/config.yaml loaded successfully
2025-06-20 20:13:18,124 - INFO - yaml file: params.yaml loaded successfully
2025-06-20 20:13:18,124 - INFO - created directory at: artifacts
2025-06-20 20:13:18,125 - INFO - created directory at: artifacts/model_trainer
2025-06-20 20:13:50,425 - INFO - yaml file: config/config.yaml loaded successfully
2025-06-20 20:13:50,427 - INFO - yaml file: params.yaml loaded successfully
2025-06-20 20:13:50,428 - INFO - created directory at: artifacts
2025-06-20 20:13:50,429 - INFO - created directory at: artifacts/model_trainer
2025-06-20 20:20:49,051 - INFO - yaml file: config/config.yaml loaded successfully
2025-06-20 20:20:49,053 - INFO - yaml file: params.yaml loaded successfully
2025-06-20 20:20:49,054 - INFO - created directory at: artifacts
2025-06-20 20:20:49,054 - INFO - created directory at: artifacts/model_trainer
2025-06-20 20:21:07,494 - INFO - PyTorch version 2.7.1 available.
2025-06-20 20:21:07,687 - INFO - yaml file: config/config.yaml loaded successfully
2025-06-20 20:21:07,689 - INFO - yaml file: params.yaml loaded successfully
2025-06-20 20:21:07,690 - INFO - created directory at: artifacts
2025-06-20 20:21:07,690 - INFO - created directory at: artifacts/model_trainer
2025-06-20 20:26:28,856 - INFO - yaml file: config/config.yaml loaded successfully
2025-06-20 20:26:28,858 - INFO - yaml file: params.yaml loaded successfully
2025-06-20 20:26:28,859 - INFO - created directory at: artifacts
2025-06-20 20:26:28,859 - INFO - created directory at: artifacts/model_trainer
2025-06-20 20:28:39,499 - INFO - yaml file: config/config.yaml loaded successfully
2025-06-20 20:28:39,501 - INFO - yaml file: params.yaml loaded successfully
2025-06-20 20:28:39,501 - INFO - created directory at: artifacts
2025-06-20 20:28:39,503 - INFO - created directory at: artifacts/model_trainer
2025-06-20 20:34:58,583 - INFO - yaml file: config/config.yaml loaded successfully
2025-06-20 20:34:58,587 - INFO - yaml file: params.yaml loaded successfully
2025-06-20 20:34:58,588 - INFO - created directory at: artifacts
2025-06-20 20:34:58,589 - INFO - created directory at: artifacts/model_trainer
2025-06-20 20:36:06,201 - INFO - yaml file: config/config.yaml loaded successfully
2025-06-20 20:36:06,204 - INFO - yaml file: params.yaml loaded successfully
2025-06-20 20:36:06,205 - INFO - created directory at: artifacts
2025-06-20 20:36:06,206 - INFO - created directory at: artifacts/model_trainer
2025-06-20 20:37:34,202 - INFO - yaml file: config/config.yaml loaded successfully
2025-06-20 20:37:34,203 - INFO - yaml file: params.yaml loaded successfully
2025-06-20 20:37:34,204 - INFO - created directory at: artifacts
2025-06-20 20:37:34,204 - INFO - created directory at: artifacts/model_trainer
2025-06-20 20:40:25,843 - INFO - yaml file: config/config.yaml loaded successfully
2025-06-20 20:40:25,845 - INFO - yaml file: params.yaml loaded successfully
2025-06-20 20:40:25,845 - INFO - created directory at: artifacts
2025-06-20 20:40:25,846 - INFO - created directory at: artifacts/model_trainer
2025-06-20 21:04:44,047 - INFO - PyTorch version 2.7.1 available.
2025-06-20 21:04:44,221 - INFO - yaml file: config/config.yaml loaded successfully
2025-06-20 21:04:44,223 - INFO - yaml file: params.yaml loaded successfully
2025-06-20 21:04:44,223 - INFO - created directory at: artifacts
2025-06-20 21:04:44,223 - INFO - created directory at: artifacts/model_trainer
2025-06-20 21:06:46,133 - INFO - yaml file: config/config.yaml loaded successfully
2025-06-20 21:06:46,137 - INFO - yaml file: params.yaml loaded successfully
2025-06-20 21:06:46,138 - INFO - created directory at: artifacts
2025-06-20 21:06:46,139 - INFO - created directory at: artifacts/model_trainer
2025-06-20 21:07:10,051 - INFO - yaml file: config/config.yaml loaded successfully
2025-06-20 21:07:10,054 - INFO - yaml file: params.yaml loaded successfully
2025-06-20 21:07:10,055 - INFO - created directory at: artifacts
2025-06-20 21:07:10,056 - INFO - created directory at: artifacts/model_trainer
2025-06-20 21:08:46,061 - INFO - PyTorch version 2.7.1 available.
2025-06-20 21:08:46,262 - INFO - yaml file: config/config.yaml loaded successfully
2025-06-20 21:08:46,263 - INFO - yaml file: params.yaml loaded successfully
2025-06-20 21:08:46,264 - INFO - created directory at: artifacts
2025-06-20 21:08:46,264 - INFO - created directory at: artifacts/model_trainer
